2010-12-29T16:45:06+00:00 CRIT (2): ok ok
2010-12-29T16:45:06+00:00 CRIT (2): mon premier log
2010-12-29T16:45:07+00:00 CRIT (2): ok ok
2010-12-29T16:45:07+00:00 CRIT (2): mon premier log
2010-12-29T16:45:27+00:00 CRIT (2): ok ok
2010-12-29T16:45:27+00:00 CRIT (2): mon premier log
2010-12-29T16:45:27+00:00 CRIT (2): ok ok
2010-12-29T16:45:27+00:00 CRIT (2): mon premier log
2010-12-29T16:45:27+00:00 CRIT (2): ok ok
2010-12-29T16:45:27+00:00 CRIT (2): mon premier log
2010-12-29T16:45:27+00:00 CRIT (2): ok ok
2010-12-29T16:45:27+00:00 CRIT (2): mon premier log
2010-12-29T16:45:27+00:00 CRIT (2): ok ok
2010-12-29T16:45:27+00:00 CRIT (2): mon premier log
2010-12-29T16:45:27+00:00 CRIT (2): ok ok
2010-12-29T16:45:27+00:00 CRIT (2): mon premier log
2010-12-29T16:46:45+00:00 CRIT (2): mon premier log
2010-12-29T16:46:45+00:00 CRIT (2): Application error
2010-12-29T16:46:55+00:00 CRIT (2): mon premier log
2010-12-29T16:46:55+00:00 ERR (3): mon premier log
2010-12-29T16:46:55+00:00 WARN (4): mon premier log
2010-12-29T16:47:00+00:00 CRIT (2): mon premier log
2010-12-29T16:47:00+00:00 ERR (3): mon premier log
2010-12-29T16:47:00+00:00 WARN (4): mon premier log
2010-12-29T16:47:58+00:00 CRIT (2): mon premier log
2010-12-29T16:47:58+00:00 ERR (3): mon premier log
2010-12-29T16:47:58+00:00 WARN (4): mon premier log
2010-12-29T16:47:58+00:00 DEBUG (7): mon premier log
2010-12-29T16:54:01+00:00 CRIT (2): mon premier log
2010-12-29T16:54:01+00:00 ERR (3): mon premier log
2010-12-29T16:54:01+00:00 WARN (4): mon premier log
2010-12-29T16:54:01+00:00 DEBUG (7): mon premier log
2010-12-29T16:54:01+00:00 DEBUG (7): array
2010-12-29T16:54:20+00:00 CRIT (2): mon premier log
2010-12-29T16:54:20+00:00 ERR (3): mon premier log
2010-12-29T16:54:20+00:00 WARN (4): mon premier log
2010-12-29T16:54:20+00:00 DEBUG (7): mon premier log
2010-12-29T16:54:20+00:00 DEBUG (7): Array
(
    [test] => Array
        (
            [couou] => hi
            [1] => plop
        )

    [no] => oui
)

2010-12-29T16:54:41+00:00 CRIT (2): mon premier log
2010-12-29T16:54:41+00:00 ERR (3): mon premier log
2010-12-29T16:54:41+00:00 WARN (4): mon premier log
2010-12-29T16:54:41+00:00 DEBUG (7): mon premier log
2010-12-29T16:54:41+00:00 DEBUG (7): Array
(
    [test] => Array
        (
            [couou] => hi
            [1] => plop
        )

    [no] => oui
)

2010-12-29T16:54:41+00:00 DEBUG (7): 
2010-12-29T16:55:05+00:00 CRIT (2): mon premier log
2010-12-29T16:55:05+00:00 ERR (3): mon premier log
2010-12-29T16:55:05+00:00 WARN (4): mon premier log
2010-12-29T16:55:05+00:00 DEBUG (7): mon premier log
2010-12-29T16:55:05+00:00 DEBUG (7): Array
(
    [test] => Array
        (
            [couou] => hi
            [1] => plop
        )

    [no] => oui
)

2010-12-29T16:55:13+00:00 CRIT (2): mon premier log
2010-12-29T16:55:13+00:00 ERR (3): mon premier log
2010-12-29T16:55:13+00:00 WARN (4): mon premier log
2010-12-29T16:55:13+00:00 DEBUG (7): mon premier log
2010-12-29T16:55:13+00:00 DEBUG (7): Array
(
    [test] => Array
        (
            [couou] => hi
            [1] => plop
        )

    [no] => oui
)

2010-12-29T16:55:49+00:00 CRIT (2): mon premier log
2010-12-29T16:55:49+00:00 ERR (3): mon premier log
2010-12-29T16:55:49+00:00 WARN (4): mon premier log
2010-12-29T16:55:49+00:00 DEBUG (7): mon premier log
2010-12-29T16:55:49+00:00 DEBUG (7): Array
(
    [test] => Array
        (
            [couou] => hi
            [1] => plop
        )

    [no] => oui
)

2010-12-29T16:55:49+00:00 DEBUG (7): 
2010-12-29T16:56:06+00:00 CRIT (2): mon premier log
2010-12-29T16:56:06+00:00 ERR (3): mon premier log
2010-12-29T16:56:06+00:00 WARN (4): mon premier log
2010-12-29T16:56:06+00:00 DEBUG (7): mon premier log
2010-12-29T16:56:06+00:00 DEBUG (7): Array
(
    [test] => Array
        (
            [couou] => hi
            [1] => plop
        )

    [no] => oui
)

2010-12-29T16:56:06+00:00 DEBUG (7): 
2010-12-29T16:56:18+00:00 CRIT (2): mon premier log
2010-12-29T16:56:18+00:00 ERR (3): mon premier log
2010-12-29T16:56:18+00:00 WARN (4): mon premier log
2010-12-29T16:56:18+00:00 DEBUG (7): mon premier log
2010-12-29T16:56:18+00:00 DEBUG (7): Array
(
    [test] => Array
        (
            [couou] => hi
            [1] => plop
        )

    [no] => oui
)

2010-12-29T16:56:18+00:00 DEBUG (7): array (
  'test' => 
  array (
    'couou' => 'hi',
    1 => 'plop',
  ),
  'no' => 'oui',
)
2010-12-29T17:10:35+00:00 CRIT (2): Page not found
